Chills&Presentation=feel
Fever&Presentation=feel
Paresthesia&Presentation=feel 
numbness&Presentation=feel
tingling&Presentation=feel
electric tweaks&Presentation=feel
Light-headed&Presentation=feel
Dizzy&Presentation=feel
black out&Presentation=feel
room spinning&Presentation=feel
dry mouth&Presentation=feel
Nauseated&Presentation=feel
Sick&Presentation=feel
like I have the flu&Presentation=feel
like I have to vomit&Presentation=feel
Short of breath&Presentation=feel
Sleepy&Presentation=feel
Sweaty&Presentation=feel
Thirsty&Presentation=feel
Tired&Presentation=feel
Weak&Presentation=feel